<?xml version="1.0" encoding="UTF-8"?>
<testsuite xmlns:xsi="http://www.w3.org/2001/XMLSchema-instance" xsi:noNamespaceSchemaLocation="https://maven.apache.org/surefire/maven-surefire-plugin/xsd/surefire-test-report.xsd" name="pizza.HomeControllerTest" time="4.838" tests="1" errors="0" skipped="0" failures="1">
  <properties>
[...]
</properties>
  <testcase name="testHomePage" classname="pizza.HomeControllerTest" time="0.109">
    <failure message="Response content&#10;Expected: a string containing &quot;Witaj w...&quot;&#10;     but: was &quot;&lt;!DOCTYPE html&gt;&#10;&lt;html xmlns=&quot;http://www.w3.org/1999/xhtml&quot;&gt;&#10;  &lt;head&gt;&#10;    &lt;title&gt;Aplikacja Pizza Cloud&lt;/title&gt;&#10;  &lt;/head&gt;&#10;  &#10;  &lt;body&gt;&#10;    &lt;h1&gt;Witaj w naszej pizzerii!&lt;/h1&gt;&#10;    &lt;img src=&quot;/images/TacoCloud.png&quot;/&gt;&#10;    &lt;form method=&quot;POST&quot; action=&quot;/logout&quot; id=&quot;logoutForm&quot;&gt;&#10;      &lt;input type=&quot;submit&quot; value=&quot;Wyloguj się&quot;/&gt;&#10;    &lt;/form&gt;&#10;    &#10;    &lt;a href=&quot;/design&quot; id=&quot;design&quot;&gt;Przygotuj pizzę&lt;/a&gt;&#10;  &lt;/body&gt;&#10;&lt;/html&gt;&quot;" type="java.lang.AssertionError"><![CDATA[java.lang.AssertionError: 
Response content
Expected: a string containing "Witaj w..."
     but: was "<!DOCTYPE html>
<html xmlns="http://www.w3.org/1999/xhtml">
  <head>
    <title>Aplikacja Pizza Cloud</title>
  </head>
  
  <body>
    <h1>Witaj w naszej pizzerii!</h1>
    <img src="/images/TacoCloud.png"/>
    <form method="POST" action="/logout" id="logoutForm">
      <input type="submit" value="Wyloguj się"/>
    </form>
    
    <a href="/design" id="design">Przygotuj pizzę</a>
  </body>
</html>"
	at pizza.HomeControllerTest.testHomePage(HomeControllerTest.java:59)
]]></failure>
    <system-out><![CDATA[2024-04-02 23:42:09.668  INFO 16724 --- [           main] .b.t.a.w.s.WebMvcTestContextBootstrapper : Neither @ContextConfiguration nor @ContextHierarchy found for test class [pizza.HomeControllerTest], using SpringBootContextLoader
2024-04-02 23:42:09.668  INFO 16724 --- [           main] o.s.t.c.support.AbstractContextLoader    : Could not detect default resource locations for test class [pizza.HomeControllerTest]: no resource found for suffixes {-context.xml, Context.groovy}.
2024-04-02 23:42:09.668  INFO 16724 --- [           main] t.c.s.AnnotationConfigContextLoaderUtils : Could not detect default configuration classes for test class [pizza.HomeControllerTest]: HomeControllerTest does not declare any static, non-private, non-final, nested classes annotated with @Configuration.
2024-04-02 23:42:09.746  INFO 16724 --- [           main] .b.t.c.SpringBootTestContextBootstrapper : Found @SpringBootConfiguration pizza.PizzaCloudApplication for test class pizza.HomeControllerTest
2024-04-02 23:42:09.762  INFO 16724 --- [           main] .b.t.a.w.s.WebMvcTestContextBootstrapper : Loaded default TestExecutionListener class names from location [META-INF/spring.factories]: [org.springframework.boot.test.mock.mockito.MockitoTestExecutionListener, org.springframework.boot.test.mock.mockito.ResetMocksTestExecutionListener, org.springframework.boot.test.autoconfigure.restdocs.RestDocsTestExecutionListener, org.springframework.boot.test.autoconfigure.web.client.MockRestServiceServerResetTestExecutionListener, org.springframework.boot.test.autoconfigure.web.servlet.MockMvcPrintOnlyOnFailureTestExecutionListener, org.springframework.boot.test.autoconfigure.web.servlet.WebDriverTestExecutionListener, org.springframework.test.context.web.ServletTestExecutionListener, org.springframework.test.context.support.DirtiesContextBeforeModesTestExecutionListener, org.springframework.test.context.support.DependencyInjectionTestExecutionListener, org.springframework.test.context.support.DirtiesContextTestExecutionListener, org.springframework.test.context.transaction.TransactionalTestExecutionListener, org.springframework.test.context.jdbc.SqlScriptsTestExecutionListener, org.springframework.security.test.context.support.WithSecurityContextTestExecutionListener, org.springframework.security.test.context.support.ReactorContextTestExecutionListener]
2024-04-02 23:42:09.762  INFO 16724 --- [           main] .b.t.a.w.s.WebMvcTestContextBootstrapper : Using TestExecutionListeners: [org.springframework.test.context.web.ServletTestExecutionListener@63e81ac6, org.springframework.test.context.support.DirtiesContextBeforeModesTestExecutionListener@45775a15, org.springframework.boot.test.mock.mockito.MockitoTestExecutionListener@2396dc4e, org.springframework.boot.test.autoconfigure.SpringBootDependencyInjectionTestExecutionListener@7bb888b7, org.springframework.test.context.support.DirtiesContextTestExecutionListener@5825932c, org.springframework.test.context.transaction.TransactionalTestExecutionListener@277dddcf, org.springframework.test.context.jdbc.SqlScriptsTestExecutionListener@321c01c2, org.springframework.security.test.context.support.WithSecurityContextTestExecutionListener@d5eca06, org.springframework.security.test.context.support.ReactorContextTestExecutionListener@79169472, org.springframework.boot.test.mock.mockito.ResetMocksTestExecutionListener@304cad3a, org.springframework.boot.test.autoconfigure.restdocs.RestDocsTestExecutionListener@628cb8e0, org.springframework.boot.test.autoconfigure.web.client.MockRestServiceServerResetTestExecutionListener@19f9404d, org.springframework.boot.test.autoconfigure.web.servlet.MockMvcPrintOnlyOnFailureTestExecutionListener@5481f204, org.springframework.boot.test.autoconfigure.web.servlet.WebDriverTestExecutionListener@171b0d3]

  .   ____          _            __ _ _
 /\\ / ___'_ __ _ _(_)_ __  __ _ \ \ \ \
( ( )\___ | '_ | '_| | '_ \/ _` | \ \ \ \
 \\/  ___)| |_)| | | | | || (_| |  ) ) ) )
  '  |____| .__|_| |_|_| |_\__, | / / / /
 =========|_|==============|___/=/_/_/_/
 :: Spring Boot ::        (v2.0.4.RELEASE)

2024-04-02 23:42:10.152  INFO 16724 --- [           main] pizza.HomeControllerTest                 : Starting HomeControllerTest on idea-PC with PID 16724 (started by Admin in D:\Programowanie\NetBeans\Spring\pizza-cloud)
2024-04-02 23:42:10.168  INFO 16724 --- [           main] pizza.HomeControllerTest                 : No active profile set, falling back to default profiles: default
2024-04-02 23:42:10.184  INFO 16724 --- [           main] o.s.w.c.s.GenericWebApplicationContext   : Refreshing org.springframework.web.context.support.GenericWebApplicationContext@2279e7c7: startup date [Tue Apr 02 23:42:10 CEST 2024]; root of context hierarchy
2024-04-02 23:42:12.996  INFO 16724 --- [           main] o.s.w.s.handler.SimpleUrlHandlerMapping  : Mapped URL path [/**/favicon.ico] onto handler of type [class org.springframework.web.servlet.resource.ResourceHttpRequestHandler]
2024-04-02 23:42:13.520  INFO 16724 --- [           main] s.w.s.m.m.a.RequestMappingHandlerAdapter : Looking for @ControllerAdvice: org.springframework.web.context.support.GenericWebApplicationContext@2279e7c7: startup date [Tue Apr 02 23:42:10 CEST 2024]; root of context hierarchy
2024-04-02 23:42:13.567  INFO 16724 --- [           main] s.w.s.m.m.a.RequestMappingHandlerMapping : Mapped "{[/register],methods=[GET]}" onto public java.lang.String pizza.security.RegistrationController.registerForm()
2024-04-02 23:42:13.567  INFO 16724 --- [           main] s.w.s.m.m.a.RequestMappingHandlerMapping : Mapped "{[/register],methods=[POST]}" onto public java.lang.String pizza.security.RegistrationController.processRegistration(pizza.security.RegistrationForm)
2024-04-02 23:42:13.582  INFO 16724 --- [           main] s.w.s.m.m.a.RequestMappingHandlerMapping : Mapped "{[/design],methods=[POST]}" onto public java.lang.String pizza.web.DesignPizzaController.processDesign(pizza.Pizza,org.springframework.validation.Errors,pizza.Order)
2024-04-02 23:42:13.582  INFO 16724 --- [           main] s.w.s.m.m.a.RequestMappingHandlerMapping : Mapped "{[/design],methods=[GET]}" onto public java.lang.String pizza.web.DesignPizzaController.showDesignForm(org.springframework.ui.Model,java.security.Principal)
2024-04-02 23:42:13.590  INFO 16724 --- [           main] s.w.s.m.m.a.RequestMappingHandlerMapping : Mapped "{[/discounts],methods=[GET]}" onto public java.lang.String pizza.web.DiscountController.displayDiscountCodes(org.springframework.ui.Model)
2024-04-02 23:42:13.590  INFO 16724 --- [           main] s.w.s.m.m.a.RequestMappingHandlerMapping : Mapped "{[/orders/current],methods=[GET]}" onto public java.lang.String pizza.web.OrderController.orderForm(pizza.User,pizza.Order)
2024-04-02 23:42:13.590  INFO 16724 --- [           main] s.w.s.m.m.a.RequestMappingHandlerMapping : Mapped "{[/orders],methods=[GET]}" onto public java.lang.String pizza.web.OrderController.ordersForUser(pizza.User,org.springframework.ui.Model)
2024-04-02 23:42:13.606  INFO 16724 --- [           main] s.w.s.m.m.a.RequestMappingHandlerMapping : Mapped "{[/orders],methods=[POST]}" onto public java.lang.String pizza.web.OrderController.processOrder(pizza.Order,org.springframework.validation.Errors,org.springframework.web.bind.support.SessionStatus,pizza.User)
2024-04-02 23:42:13.606  INFO 16724 --- [           main] s.w.s.m.m.a.RequestMappingHandlerMapping : Mapped "{[/error]}" onto public org.springframework.http.ResponseEntity<java.util.Map<java.lang.String, java.lang.Object>> org.springframework.boot.autoconfigure.web.servlet.error.BasicErrorController.error(javax.servlet.http.HttpServletRequest)
2024-04-02 23:42:13.606  INFO 16724 --- [           main] s.w.s.m.m.a.RequestMappingHandlerMapping : Mapped "{[/error],produces=[text/html]}" onto public org.springframework.web.servlet.ModelAndView org.springframework.boot.autoconfigure.web.servlet.error.BasicErrorController.errorHtml(javax.servlet.http.HttpServletRequest,javax.servlet.http.HttpServletResponse)
2024-04-02 23:42:13.622  INFO 16724 --- [           main] o.s.w.s.handler.SimpleUrlHandlerMapping  : Root mapping to handler of type [class org.springframework.web.servlet.mvc.ParameterizableViewController]
2024-04-02 23:42:13.637  INFO 16724 --- [           main] o.s.w.s.handler.SimpleUrlHandlerMapping  : Mapped URL path [/login] onto handler of type [class org.springframework.web.servlet.mvc.ParameterizableViewController]
2024-04-02 23:42:13.653  INFO 16724 --- [           main] o.s.w.s.handler.SimpleUrlHandlerMapping  : Mapped URL path [/webjars/**] onto handler of type [class org.springframework.web.servlet.resource.ResourceHttpRequestHandler]
2024-04-02 23:42:13.653  INFO 16724 --- [           main] o.s.w.s.handler.SimpleUrlHandlerMapping  : Mapped URL path [/**] onto handler of type [class org.springframework.web.servlet.resource.ResourceHttpRequestHandler]
2024-04-02 23:42:14.459  INFO 16724 --- [           main] o.s.b.t.m.w.SpringBootMockServletContext : Initializing Spring FrameworkServlet ''
2024-04-02 23:42:14.459  INFO 16724 --- [           main] o.s.t.web.servlet.TestDispatcherServlet  : FrameworkServlet '': initialization started
2024-04-02 23:42:14.491  INFO 16724 --- [           main] o.s.t.web.servlet.TestDispatcherServlet  : FrameworkServlet '': initialization completed in 16 ms
2024-04-02 23:42:14.553  INFO 16724 --- [           main] pizza.HomeControllerTest                 : Started HomeControllerTest in 4.744 seconds (JVM running for 125.74)

MockHttpServletRequest:
      HTTP Method = GET
      Request URI = /
       Parameters = {}
          Headers = {}
             Body = <no character encoding set>
    Session Attrs = {}

Handler:
             Type = org.springframework.web.servlet.mvc.ParameterizableViewController

Async:
    Async started = false
     Async result = null

Resolved Exception:
             Type = null

ModelAndView:
        View name = home
             View = null
            Model = null

FlashMap:
       Attributes = null

MockHttpServletResponse:
           Status = 200
    Error message = null
          Headers = {Content-Language=[en], Content-Type=[text/html;charset=UTF-8]}
     Content type = text/html;charset=UTF-8
             Body = <!DOCTYPE html>
<html xmlns="http://www.w3.org/1999/xhtml">
  <head>
    <title>Aplikacja Pizza Cloud</title>
  </head>
  
  <body>
    <h1>Witaj w naszej pizzerii!</h1>
    <img src="/images/TacoCloud.png"/>
    <form method="POST" action="/logout" id="logoutForm">
      <input type="submit" value="Wyloguj się"/>
    </form>
    
    <a href="/design" id="design">Przygotuj pizzę</a>
  </body>
</html>
    Forwarded URL = null
   Redirected URL = null
          Cookies = []
]]></system-out>
  </testcase>
</testsuite>